# JRE version: OpenJDK Runtime Environment Microsoft-8297089 (17.0.8.1+1) (build 17.0.8.1+1-LTS)
# Java VM: OpenJDK 64-Bit Server VM Microsoft-8297089 (17.0.8.1+1-LTS, mixed mode, sharing, tiered, compressed oops, compressed class ptrs, g1 gc, windows-amd64)
GC Precious Log:
 CPUs: 8 total, 8 available
 Memory: 8074M
 Large Page Support: Disabled
 NUMA Support: Disabled
 Compressed Oops: Enabled (32-bit)
 Heap Region Size: 1M
 Heap Min Capacity: 8M
 Heap Initial Capacity: 128M
 Heap Max Capacity: 2G
 Pre-touch: Disabled
 Parallel Workers: 8
 Concurrent Workers: 2
 Concurrent Refinement Workers: 8
 Periodic GC: Disabled
Heap:
 garbage-first heap   total 452608K, used 246658K [0x0000000080000000, 0x0000000100000000)
  region size 1024K, 78 young (79872K), 14 survivors (14336K)
 Metaspace       used 101441K, committed 102592K, reserved 557056K
  class space    used 13984K, committed 14528K, reserved 425984K
GC Heap History (20 events):
Event: 18.344 GC heap before
{Heap before GC invocations=36 (full 0):
 garbage-first heap   total 173056K, used 114762K [0x0000000080000000, 0x0000000100000000)
  region size 1024K, 38 young (38912K), 5 survivors (5120K)
 Metaspace       used 79705K, committed 80448K, reserved 557056K
  class space    used 11114K, committed 11456K, reserved 425984K
}
Event: 18.350 GC heap after
{Heap after GC invocations=37 (full 0):
 garbage-first heap   total 173056K, used 84845K [0x0000000080000000, 0x0000000100000000)
  region size 1024K, 3 young (3072K), 3 survivors (3072K)
 Metaspace       used 79705K, committed 80448K, reserved 557056K
  class space    used 11114K, committed 11456K, reserved 425984K
}
Event: 19.354 GC heap before
{Heap before GC invocations=38 (full 0):
 garbage-first heap   total 173056K, used 147309K [0x0000000080000000, 0x0000000100000000)
  region size 1024K, 56 young (57344K), 3 survivors (3072K)
 Metaspace       used 82837K, committed 83584K, reserved 557056K
  class space    used 11568K, committed 11904K, reserved 425984K
}
Event: 19.362 GC heap after
{Heap after GC invocations=39 (full 0):
 garbage-first heap   total 173056K, used 102746K [0x0000000080000000, 0x0000000100000000)
  region size 1024K, 7 young (7168K), 7 survivors (7168K)
 Metaspace       used 82837K, committed 83584K, reserved 557056K
  class space    used 11568K, committed 11904K, reserved 425984K
}
Event: 19.381 GC heap before
{Heap before GC invocations=39 (full 0):
 garbage-first heap   total 173056K, used 103770K [0x0000000080000000, 0x0000000100000000)
  region size 1024K, 8 young (8192K), 7 survivors (7168K)
 Metaspace       used 82850K, committed 83648K, reserved 557056K
  class space    used 11568K, committed 11904K, reserved 425984K
}
Event: 19.386 GC heap after
{Heap after GC invocations=40 (full 0):
 garbage-first heap   total 173056K, used 103495K [0x0000000080000000, 0x0000000100000000)
  region size 1024K, 1 young (1024K), 1 survivors (1024K)
 Metaspace       used 82850K, committed 83648K, reserved 557056K
  class space    used 11568K, committed 11904K, reserved 425984K
}
Event: 19.953 GC heap before
{Heap before GC invocations=40 (full 0):
 garbage-first heap   total 173056K, used 148551K [0x0000000080000000, 0x0000000100000000)
  region size 1024K, 39 young (39936K), 1 survivors (1024K)
 Metaspace       used 84895K, committed 85696K, reserved 557056K
  class space    used 11830K, committed 12160K, reserved 425984K
}
Event: 19.957 GC heap after
{Heap after GC invocations=41 (full 0):
 garbage-first heap   total 173056K, used 118071K [0x0000000080000000, 0x0000000100000000)
  region size 1024K, 5 young (5120K), 5 survivors (5120K)
 Metaspace       used 84895K, committed 85696K, reserved 557056K
  class space    used 11830K, committed 12160K, reserved 425984K
}
Event: 20.381 GC heap before
{Heap before GC invocations=42 (full 0):
 garbage-first heap   total 208896K, used 143671K [0x0000000080000000, 0x0000000100000000)
  region size 1024K, 30 young (30720K), 5 survivors (5120K)
 Metaspace       used 86244K, committed 86976K, reserved 557056K
  class space    used 12014K, committed 12352K, reserved 425984K
}
Event: 20.388 GC heap after
{Heap after GC invocations=43 (full 0):
 garbage-first heap   total 208896K, used 122172K [0x0000000080000000, 0x0000000100000000)
  region size 1024K, 4 young (4096K), 4 survivors (4096K)
 Metaspace       used 86244K, committed 86976K, reserved 557056K
  class space    used 12014K, committed 12352K, reserved 425984K
}
Event: 20.443 GC heap before
{Heap before GC invocations=43 (full 0):
 garbage-first heap   total 208896K, used 128316K [0x0000000080000000, 0x0000000100000000)
  region size 1024K, 10 young (10240K), 4 survivors (4096K)
 Metaspace       used 86515K, committed 87296K, reserved 557056K
  class space    used 12066K, committed 12416K, reserved 425984K
}
Event: 20.448 GC heap after
{Heap after GC invocations=44 (full 0):
 garbage-first heap   total 208896K, used 122389K [0x0000000080000000, 0x0000000100000000)
  region size 1024K, 1 young (1024K), 1 survivors (1024K)
 Metaspace       used 86515K, committed 87296K, reserved 557056K
  class space    used 12066K, committed 12416K, reserved 425984K
}
Event: 20.887 GC heap before
{Heap before GC invocations=44 (full 0):
 garbage-first heap   total 208896K, used 167445K [0x0000000080000000, 0x0000000100000000)
  region size 1024K, 45 young (46080K), 1 survivors (1024K)
 Metaspace       used 89202K, committed 89984K, reserved 557056K
  class space    used 12450K, committed 12800K, reserved 425984K
}
Event: 20.892 GC heap after
{Heap after GC invocations=45 (full 0):
 garbage-first heap   total 452608K, used 124568K [0x0000000080000000, 0x0000000100000000)
  region size 1024K, 3 young (3072K), 3 survivors (3072K)
 Metaspace       used 89202K, committed 89984K, reserved 557056K
  class space    used 12450K, committed 12800K, reserved 425984K
}
Event: 29.551 GC heap before
{Heap before GC invocations=45 (full 0):
 garbage-first heap   total 452608K, used 300696K [0x0000000080000000, 0x0000000100000000)
  region size 1024K, 175 young (179200K), 3 survivors (3072K)
 Metaspace       used 94655K, committed 95744K, reserved 557056K
  class space    used 13143K, committed 13696K, reserved 425984K
}
Event: 29.590 GC heap after
{Heap after GC invocations=46 (full 0):
 garbage-first heap   total 452608K, used 144711K [0x0000000080000000, 0x0000000100000000)
  region size 1024K, 22 young (22528K), 22 survivors (22528K)
 Metaspace       used 94655K, committed 95744K, reserved 557056K
  class space    used 13143K, committed 13696K, reserved 425984K
}
Event: 33.965 GC heap before
{Heap before GC invocations=46 (full 0):
 garbage-first heap   total 452608K, used 323911K [0x0000000080000000, 0x0000000100000000)
  region size 1024K, 198 young (202752K), 22 survivors (22528K)
 Metaspace       used 100347K, committed 101440K, reserved 557056K
  class space    used 13872K, committed 14400K, reserved 425984K
}
Event: 34.021 GC heap after
{Heap after GC invocations=47 (full 0):
 garbage-first heap   total 452608K, used 166070K [0x0000000080000000, 0x0000000100000000)
  region size 1024K, 21 young (21504K), 21 survivors (21504K)
 Metaspace       used 100347K, committed 101440K, reserved 557056K
  class space    used 13872K, committed 14400K, reserved 425984K
}
Event: 36.367 GC heap before
{Heap before GC invocations=47 (full 0):
 garbage-first heap   total 452608K, used 358582K [0x0000000080000000, 0x0000000100000000)
  region size 1024K, 186 young (190464K), 21 survivors (21504K)
 Metaspace       used 100640K, committed 101760K, reserved 557056K
  class space    used 13891K, committed 14464K, reserved 425984K
}
Event: 36.403 GC heap after
{Heap after GC invocations=48 (full 0):
 garbage-first heap   total 452608K, used 179074K [0x0000000080000000, 0x0000000100000000)
  region size 1024K, 14 young (14336K), 14 survivors (14336K)
 Metaspace       used 100640K, committed 101760K, reserved 557056K
  class space    used 13891K, committed 14464K, reserved 425984K
}

